<?xml version="1.0" encoding="UTF-8"?>
<!-- Generated by org.testng.reporters.JUnitReportReporter -->
<testsuite skipped="0" hostname="sys" name="com.crm.qa.testcases.ContactsPageTest" tests="1" failures="0" timestamp="23 Nov 2019 12:43:31 GMT" time="59.653" errors="0">
  <testcase name="validatenewcontact" time="59.653" classname="com.crm.qa.testcases.ContactsPageTest"/>
</testsuite> <!-- com.crm.qa.testcases.ContactsPageTest -->
